Arguments: 
  /usr/local/Cellar/node/11.12.0/bin/node /usr/local/Cellar/yarn/1.15.2/libexec/bin/yarn.js

PATH: 
  /Users/steven/.rbenv/shims:/Users/steven/.rbenv/bin:/usr/local/bin:/usr/bin:/bin:/usr/sbin:/sbin

Yarn version: 
  1.15.2

Node version: 
  11.12.0

Platform: 
  darwin x64

Trace: 
  SyntaxError: /Users/steven/svnm/reactz/react-pulr/package.json: Unexpected token { in JSON at position 1604
      at JSON.parse (<anonymous>)
      at /usr/local/Cellar/yarn/1.15.2/libexec/lib/cli.js:1625:59
      at Generator.next (<anonymous>)
      at step (/usr/local/Cellar/yarn/1.15.2/libexec/lib/cli.js:304:30)
      at /usr/local/Cellar/yarn/1.15.2/libexec/lib/cli.js:315:13

npm manifest: 
  {
    "name": "react-swipr",
    "version": "1.0.1",
    "description": "A simple react pull down component using pulr",
    "main": "lib/ReactPullDown.js",
    "repository": {
      "type": "git",
      "url": "https://github.com/react-z/react-z-pull-down.git"
    },
    "author": "svnm",
    "license": "MIT",
    "homepage": "https://github.com/react-z/react-z-pull-down.git",
    "peerDependencies": {
      "react": "^16.0.0"
    },
    "dependencies": {
      "hammerjs": "2.0.4",
      "prop-types": "^15.6.0"
    },
    "devDependencies": {
      "@babel/cli": "^7.2.3",
      "@babel/core": "7.3.3",
      "@babel/preset-env": "7.3.1",
      "@babel/preset-react": "7.0.0",
      "babel-loader": "8.0.5",
      "babel-tape-runner": "^3.0.0",
      "css-loader": "^2.1.1",
      "enzyme": "3.9.0",
      "enzyme-adapter-react-16": "^1.9.1",
      "expect": "24.1.0",
      "html-webpack-plugin": "3.2.0",
      "jsdom": "13.2.0",
      "react": "^16.0.0",
      "react-dom": "^16.0.0",
      "style-loader": "^0.23.1",
      "tape": "4.10.1",
      "webpack": "4.29.4",
      "webpack-cli": "3.2.3",
      "webpack-dev-server": "3.1.14"
    },
    "scripts": {
      "build": "babel src --out-dir lib",
      "dev": "webpack-dev-server --mode=development --port 3001 --inline --hot --config example/webpack.config",
      "test": "babel-tape-runner test/*.js"
    },
    "keywords": [
      "react",
      "react-pulr",
      "react-pullr",
      "react pull down",
      "react-pull-down",
      "react-pull",
      "react-pull-refresh",
      "react slide down",
      "react pull down control",
      "swipe",
      "react component",
      "react-component",
      "minimal",
      "minimal pull-down"
    ]
  }
  
  {
    "name": "react-pulr",
    "version": "1.0.1",
    "description": "a simple react pull down component using pulr",
    "main": "lib/ReactPulr.js",
    "repository": {
      "type": "git",
      "url": "https://github.com/StevenIseki/react-pulr.git"
    },
    "peerDependencies": {
      "react": "^15.1.0"
    },
    "dependencies": {
      "hammerjs": "~2.0.4"
    },
    "devDependencies": {
      "babel-cli": "^6.9.0",
      "babel-core": "^6.9.1",
      "babel-loader": "^6.2.4",
      "babel-preset-es2015": "^6.6.0",
      "babel-preset-react": "^6.5.0",
      "babel-preset-stage-0": "^6.5.0",
      "babel-register": "^6.9.0",
      "enzyme": "^2.3.0",
      "expect": "^1.20.1",
      "express": "^4.13.4",
      "jsdom": "^9.2.1",
      "react": "^15.1.0",
      "react-addons-test-utils": "^15.1.0",
      "react-dom": "^15.1.0",
      "tape": "^4.5.1",
      "webpack": "^1.13.1"
    },
    "scripts": {
      "build": "babel src --out-dir lib",
      "example": "webpack --config ./example/webpack.config.js",
      "serve": "node ./example/server.js",
      "start": "npm run example && npm run serve",
      "test": "tape test/index.js"
    },
    "keywords": [
    ],
    "author": {
      "name": "Steven Iseki James Z"
    },
    "license": "MIT"
  }

yarn manifest: 
  No manifest

Lockfile: 
  No lockfile
